[0920/235931.977:ERROR:process_info.cc(118)] ReadProcessMemory bool __cdecl crashpad::(anonymous namespace)::ReadStruct(HANDLE, crashpad::WinVMAddress, T *) [T = crashpad::process_types::PEB<crashpad::process_types::internal::Traits64>]: Only part of a ReadProcessMemory or WriteProcessMemory request was completed. (0x12B)
[0920/235931.983:ERROR:process_info.cc(551)] ReadProcessData failed
[0920/235931.978:ERROR:process_info.cc(118)] ReadProcessMemory bool __cdecl crashpad::(anonymous namespace)::ReadStruct(HANDLE, crashpad::WinVMAddress, T *) [T = crashpad::process_types::PEB<crashpad::process_types::internal::Traits64>]: Only part of a ReadProcessMemory or WriteProcessMemory request was completed. (0x12B)
[0920/235931.984:ERROR:process_info.cc(551)] ReadProcessData failed
[0920/235932.087:ERROR:process_info.cc(329)] VirtualQueryEx: Access is denied. (0x5)
[0920/235932.087:ERROR:process_info.cc(556)] ReadMemoryInfo failed
[0920/235932.087:ERROR:scoped_process_suspend.cc(40)] NtResumeProcess: An attempt was made to access an exiting process. (0xc000010a)
[0920/235931.983:ERROR:scoped_process_suspend.cc(40)] NtResumeProcess: An attempt was made to access an exiting process. (0xc000010a)
[0920/235931.985:ERROR:scoped_process_suspend.cc(40)] NtResumeProcess: An attempt was made to access an exiting process. (0xc000010a)
[1006/125345.440:ERROR:scoped_process_suspend.cc(40)] NtResumeProcess: An attempt was made to access an exiting process. (0xc000010a)
[1016/121726.930:ERROR:directory_reader_win.cc(43)] FindFirstFile: The system cannot find the path specified. (0x3)
[1016/121922.850:ERROR:filesystem_win.cc(129)] GetFileAttributes C:\Users\iyke\AppData\Local\Microsoft\Edge\User Data\Crashpad\attachments\068eb285-95e6-43b9-bef8-04b864b65696: The system cannot find the path specified. (0x3)
[1016/124135.724:ERROR:directory_reader_win.cc(43)] FindFirstFile: The system cannot find the path specified. (0x3)
[1016/124356.730:ERROR:filesystem_win.cc(129)] GetFileAttributes C:\Users\iyke\AppData\Local\Microsoft\Edge\User Data\Crashpad\attachments\8649fa0c-72f7-4199-bcbd-7e908bd67874: The system cannot find the path specified. (0x3)
[1016/124711.448:ERROR:filesystem_win.cc(129)] GetFileAttributes C:\Users\iyke\AppData\Local\Microsoft\Edge\User Data\Crashpad\attachments\29a4cb0d-2b9a-4d83-b6e9-9bfa28e7159d: The system cannot find the path specified. (0x3)
[1016/125646.353:ERROR:filesystem_win.cc(129)] GetFileAttributes C:\Users\iyke\AppData\Local\Microsoft\Edge\User Data\Crashpad\attachments\048634a4-f9a3-4e96-9154-de88fbf2ae02: The system cannot find the path specified. (0x3)
[1016/130532.113:ERROR:filesystem_win.cc(129)] GetFileAttributes C:\Users\iyke\AppData\Local\Microsoft\Edge\User Data\Crashpad\attachments\79957c23-45d9-41ae-8bab-067cae21f385: The system cannot find the path specified. (0x3)
[1016/134721.006:ERROR:filesystem_win.cc(129)] GetFileAttributes C:\Users\iyke\AppData\Local\Microsoft\Edge\User Data\Crashpad\attachments\ebf4f93e-96ad-4d1f-a8ca-c86f7626d61a: The system cannot find the path specified. (0x3)
[1016/134947.451:ERROR:directory_reader_win.cc(43)] FindFirstFile: The system cannot find the path specified. (0x3)
[1016/140248.991:ERROR:process_reader_win.cc(127)] NtOpenThread: {Access Denied} A process has requested access to an object, but has not been granted those access rights. (0xc0000022)
[1016/140249.000:ERROR:exception_snapshot_win.cc(100)] thread ID 10196 not found in process
[1016/151828.179:ERROR:directory_reader_win.cc(43)] FindFirstFile: The system cannot find the path specified. (0x3)
